TN:
SF:src/slots/Symbol.ts
FN:15,Symbol
FN:32,fitToSize
FN:55,setPosition
FN:61,get sprite
FNF:4
FNH:3
FNDA:1,Symbol
FNDA:1,fitToSize
FNDA:0,setPosition
FNDA:4,get sprite
DA:1,1
DA:2,1
DA:3,1
DA:4,1
DA:5,1
DA:6,1
DA:7,1
DA:8,1
DA:9,1
DA:10,1
DA:11,1
DA:12,1
DA:13,1
DA:14,1
DA:15,1
DA:16,1
DA:17,1
DA:18,1
DA:19,1
DA:20,1
DA:21,1
DA:22,1
DA:23,1
DA:24,1
DA:25,1
DA:26,1
DA:27,1
DA:28,1
DA:29,1
DA:30,1
DA:31,1
DA:32,1
DA:33,1
DA:34,1
DA:35,1
DA:36,1
DA:37,1
DA:38,1
DA:39,1
DA:40,1
DA:41,1
DA:42,1
DA:43,1
DA:44,1
DA:45,1
DA:46,1
DA:47,1
DA:48,1
DA:49,1
DA:50,1
DA:51,1
DA:52,1
DA:53,1
DA:54,1
DA:55,1
DA:56,0
DA:57,0
DA:58,0
DA:59,1
DA:60,1
DA:61,1
DA:62,4
DA:63,4
DA:64,1
LF:64
LH:61
BRDA:15,0,0,1
BRDA:32,1,0,1
BRDA:33,2,0,0
BRDA:33,3,0,0
BRDA:33,4,0,0
BRDA:61,5,0,4
BRF:6
BRH:3
end_of_record
