TN:
SF:src/slots/Reel.ts
FN:22,Reel
FN:39,createSymbols
FN:60,createRandomSymbol
FN:69,update
FN:72,updateSymbols
FN:114,smoothSnapToGrid
FN:161,animateTo
FN:182,startSpin
FN:193,stopSpin
FN:202,get symbols
FN:206,get isSpinning
FN:210,get speed
FN:214,get stripContainer
FNF:13
FNH:11
FNDA:4,Reel
FNDA:4,createSymbols
FNDA:24,createRandomSymbol
FNDA:1,update
FNDA:1,updateSymbols
FNDA:0,smoothSnapToGrid
FNDA:0,animateTo
FNDA:3,startSpin
FNDA:1,stopSpin
FNDA:1,get symbols
FNDA:2,get isSpinning
FNDA:1,get speed
FNDA:2,get stripContainer
DA:1,1
DA:2,1
DA:3,1
DA:4,1
DA:5,1
DA:6,1
DA:7,1
DA:8,1
DA:9,1
DA:10,1
DA:11,1
DA:12,1
DA:13,1
DA:14,1
DA:15,1
DA:16,1
DA:17,1
DA:18,1
DA:19,1
DA:20,1
DA:21,1
DA:22,1
DA:23,4
DA:24,4
DA:25,4
DA:26,4
DA:27,4
DA:28,4
DA:29,4
DA:30,4
DA:31,4
DA:32,4
DA:33,4
DA:34,4
DA:35,1
DA:36,1
DA:37,1
DA:38,1
DA:39,1
DA:40,4
DA:41,4
DA:42,4
DA:43,4
DA:44,4
DA:45,4
DA:46,4
DA:47,4
DA:48,24
DA:49,24
DA:50,24
DA:51,24
DA:52,24
DA:53,24
DA:54,24
DA:55,4
DA:56,1
DA:57,1
DA:58,1
DA:59,1
DA:60,1
DA:61,24
DA:62,24
DA:63,24
DA:64,24
DA:65,1
DA:66,1
DA:67,1
DA:68,1
DA:69,1
DA:70,1
DA:71,1
DA:72,1
DA:73,1
DA:74,1
DA:75,3
DA:76,3
DA:77,3
DA:78,1
DA:79,1
DA:80,3
DA:81,3
DA:82,1
DA:83,1
DA:84,1
DA:85,1
DA:86,1
DA:87,1
DA:88,1
DA:89,1
DA:90,1
DA:91,0
DA:92,0
DA:93,0
DA:94,1
DA:95,1
DA:96,0
DA:97,0
DA:98,0
DA:99,1
DA:100,1
DA:101,0
DA:102,0
DA:103,0
DA:104,0
DA:105,0
DA:106,0
DA:107,0
DA:108,0
DA:109,1
DA:110,1
DA:111,1
DA:112,1
DA:113,1
DA:114,1
DA:115,0
DA:116,0
DA:117,0
DA:118,0
DA:119,0
DA:120,0
DA:121,0
DA:122,0
DA:123,0
DA:124,0
DA:125,0
DA:126,0
DA:127,0
DA:128,0
DA:129,0
DA:130,0
DA:131,0
DA:132,0
DA:133,0
DA:134,0
DA:135,0
DA:136,0
DA:137,0
DA:138,0
DA:139,0
DA:140,0
DA:141,0
DA:142,0
DA:143,0
DA:144,0
DA:145,0
DA:146,0
DA:147,0
DA:148,0
DA:149,0
DA:150,0
DA:151,0
DA:152,0
DA:153,0
DA:154,0
DA:155,0
DA:156,0
DA:157,0
DA:158,0
DA:159,0
DA:160,1
DA:161,1
DA:162,0
DA:163,0
DA:164,0
DA:165,0
DA:166,0
DA:167,0
DA:168,0
DA:169,0
DA:170,0
DA:171,0
DA:172,0
DA:173,0
DA:174,0
DA:175,0
DA:176,0
DA:177,0
DA:178,1
DA:179,1
DA:180,1
DA:181,1
DA:182,1
DA:183,3
DA:184,3
DA:185,3
DA:186,3
DA:187,3
DA:188,3
DA:189,1
DA:190,1
DA:191,1
DA:192,1
DA:193,1
DA:194,1
DA:195,1
DA:196,1
DA:197,0
DA:198,0
DA:199,1
DA:200,1
DA:201,1
DA:202,1
DA:203,1
DA:204,1
DA:205,1
DA:206,1
DA:207,2
DA:208,2
DA:209,1
DA:210,1
DA:211,1
DA:212,1
DA:213,1
DA:214,1
DA:215,2
DA:216,2
DA:217,1
DA:218,1
DA:219,1
LF:219
LH:142
BRDA:22,0,0,4
BRDA:39,1,0,4
BRDA:47,2,0,24
BRDA:60,3,0,24
BRDA:69,4,0,1
BRDA:71,5,0,0
BRDA:71,6,0,0
BRDA:90,7,0,0
BRDA:95,8,0,0
BRDA:100,9,0,0
BRDA:100,10,0,0
BRDA:72,11,0,1
BRDA:74,12,0,3
BRDA:79,13,0,3
BRDA:182,14,0,3
BRDA:184,15,0,0
BRDA:193,16,0,1
BRDA:196,17,0,0
BRDA:202,18,0,1
BRDA:206,19,0,2
BRDA:210,20,0,1
BRDA:214,21,0,2
BRF:22
BRH:14
end_of_record
TN:
SF:src/slots/Symbol.ts
FN:16,Symbol
FN:30,get id
FN:38,fitToSize
FN:61,setPosition
FN:67,get sprite
FN:75,update
FN:109,createSymbols
FNF:7
FNH:7
FNDA:29,Symbol
FNDA:3,get id
FNDA:27,fitToSize
FNDA:1,setPosition
FNDA:6,get sprite
FNDA:6,update
FNDA:24,createSymbols
DA:1,1
DA:2,1
DA:3,1
DA:4,1
DA:5,1
DA:6,1
DA:7,1
DA:8,1
DA:9,1
DA:10,1
DA:11,1
DA:12,1
DA:13,1
DA:14,1
DA:15,1
DA:16,1
DA:17,29
DA:18,29
DA:19,29
DA:20,29
DA:21,29
DA:22,29
DA:23,29
DA:24,29
DA:25,29
DA:26,29
DA:27,29
DA:28,1
DA:29,1
DA:30,1
DA:31,3
DA:32,3
DA:33,1
DA:34,1
DA:35,1
DA:36,1
DA:37,1
DA:38,1
DA:39,27
DA:40,3
DA:41,3
DA:42,3
DA:43,3
DA:44,3
DA:45,3
DA:46,3
DA:47,3
DA:48,3
DA:49,3
DA:50,3
DA:51,3
DA:52,3
DA:53,3
DA:54,3
DA:55,3
DA:56,3
DA:57,3
DA:58,3
DA:59,1
DA:60,1
DA:61,1
DA:62,1
DA:63,1
DA:64,1
DA:65,1
DA:66,1
DA:67,1
DA:68,6
DA:69,6
DA:70,1
DA:71,1
DA:72,1
DA:73,1
DA:74,1
DA:75,1
DA:76,6
DA:77,6
DA:78,6
DA:79,6
DA:80,6
DA:81,6
DA:82,6
DA:83,0
DA:84,0
DA:85,6
DA:86,6
DA:87,6
DA:88,6
DA:89,6
DA:90,6
DA:91,6
DA:92,0
DA:93,6
DA:94,6
DA:95,6
DA:96,6
DA:97,6
DA:98,1
DA:99,1
DA:100,1
DA:101,1
DA:102,1
DA:103,1
DA:104,1
DA:105,1
DA:106,1
DA:107,1
DA:108,1
DA:109,1
DA:110,24
DA:111,24
DA:112,24
DA:113,24
DA:114,24
DA:115,24
DA:116,24
DA:117,0
DA:118,0
DA:119,24
DA:120,24
DA:121,24
DA:122,24
DA:123,1
DA:124,1
DA:125,1
LF:125
LH:120
BRDA:16,0,0,29
BRDA:30,1,0,3
BRDA:38,2,0,27
BRDA:39,3,0,24
BRDA:39,4,0,3
BRDA:39,5,0,3
BRDA:39,6,0,0
BRDA:39,7,0,24
BRDA:40,8,0,3
BRDA:61,9,0,1
BRDA:67,10,0,6
BRDA:75,11,0,6
BRDA:82,12,0,0
BRDA:91,13,0,0
BRDA:109,14,0,24
BRDA:116,15,0,0
BRF:16
BRH:12
end_of_record
TN:
SF:src/utils/AssetLoader.ts
FN:37,AssetLoader
FN:41,loadAssets
FN:79,loadSounds
FN:90,getTexture
FN:94,getSpine
FNF:5
FNH:1
FNDA:0,AssetLoader
FNDA:0,loadAssets
FNDA:0,loadSounds
FNDA:30,getTexture
FNDA:0,getSpine
DA:1,1
DA:2,1
DA:3,1
DA:4,1
DA:5,1
DA:6,1
DA:7,1
DA:8,1
DA:9,1
DA:10,1
DA:11,1
DA:12,1
DA:13,1
DA:14,1
DA:15,1
DA:16,1
DA:17,1
DA:18,1
DA:19,1
DA:20,1
DA:21,1
DA:22,1
DA:23,1
DA:24,1
DA:25,1
DA:26,1
DA:27,1
DA:28,1
DA:29,1
DA:30,1
DA:31,1
DA:32,1
DA:33,1
DA:34,1
DA:35,1
DA:36,1
DA:37,1
DA:38,0
DA:39,0
DA:40,1
DA:41,1
DA:42,0
DA:43,0
DA:44,0
DA:45,0
DA:46,0
DA:47,0
DA:48,0
DA:49,0
DA:50,0
DA:51,0
DA:52,0
DA:53,0
DA:54,0
DA:55,0
DA:56,0
DA:57,0
DA:58,0
DA:59,0
DA:60,0
DA:61,0
DA:62,0
DA:63,0
DA:64,0
DA:65,0
DA:66,0
DA:67,0
DA:68,0
DA:69,0
DA:70,0
DA:71,0
DA:72,0
DA:73,0
DA:74,0
DA:75,0
DA:76,0
DA:77,0
DA:78,1
DA:79,1
DA:80,0
DA:81,0
DA:82,0
DA:83,0
DA:84,0
DA:85,0
DA:86,0
DA:87,0
DA:88,0
DA:89,1
DA:90,1
DA:91,30
DA:92,30
DA:93,1
DA:94,1
DA:95,0
DA:96,0
DA:97,1
LF:97
LH:48
BRDA:90,0,0,30
BRF:1
BRH:1
end_of_record
TN:
SF:src/utils/sound.ts
FN:11,add
FN:24,play
FN:38,stop
FNF:3
FNH:0
FNDA:0,add
FNDA:0,play
FNDA:0,stop
DA:1,1
DA:2,1
DA:3,1
DA:4,2
DA:5,2
DA:6,2
DA:7,2
DA:8,2
DA:9,2
DA:10,2
DA:11,2
DA:12,0
DA:13,0
DA:14,0
DA:15,0
DA:16,0
DA:17,0
DA:18,2
DA:19,2
DA:20,2
DA:21,2
DA:22,2
DA:23,2
DA:24,2
DA:25,0
DA:26,0
DA:27,0
DA:28,0
DA:29,0
DA:30,0
DA:31,0
DA:32,0
DA:33,2
DA:34,2
DA:35,2
DA:36,2
DA:37,2
DA:38,2
DA:39,0
DA:40,0
DA:41,0
DA:42,0
DA:43,2
DA:44,2
DA:45,1
LF:45
LH:27
BRDA:3,0,0,2
BRF:1
BRH:1
end_of_record
